#
# A fatal error has been detected by the Java Runtime Environment:
#
#  EXCEPTION_ACCESS_VIOLATION (0xc0000005) at pc=0x000000006a406adf, pid=3120, tid=6252
#
# JRE version: Java(TM) SE Runtime Environment (8.0_66-b18) (build 1.8.0_66-b18)
# Java VM: Java HotSpot(TM) 64-Bit Server VM (25.66-b18 mixed mode windows-amd64 compressed oops)
# Problematic frame:
# C  [msvcr100.dll+0x36adf]
#
# Failed to write core dump. Minidumps are not enabled by default on client versions of Windows
#
# If you would like to submit a bug report, please visit:
#   http://bugreport.java.com/bugreport/crash.jsp
# The crash happened outside the Java Virtual Machine in native code.
# See problematic frame for where to report the bug.
#

---------------  T H R E A D  ---------------

Current thread (0x000000001f115000):  JavaThread "Swing-Shell" daemon [_thread_in_native, id=6252, stack(0x0000000022c20000,0x0000000022d20000)]

siginfo: ExceptionCode=0xc0000005, reading address 0x0000000000000000

Registers:
RAX=0x0000000000000000, RBX=0x0000000022d1ee40, RCX=0x0000000000000000, RDX=0x0000000022f95a40
RSP=0x0000000022d1ede8, RBP=0x0000000022d1efd0, RSI=0x0000000000000369, RDI=0x000000001f1151f8
R8 =0x0000000022f95a40, R9 =0x0000000000000000, R10=0x0000000000000000, R11=0x0000000022d1c4a0
R12=0x0000000000000000, R13=0x0000000022d1eff0, R14=0x0000000022d1efb8, R15=0x000000001f115000
RIP=0x000000006a406adf, EFLAGS=0x0000000000010246

Top of Stack: (sp=0x0000000022d1ede8)
0x0000000022d1ede8:   000000006a639e36 0000000000000000
0x0000000022d1edf8:   000000001f1151f8 0000000000000369
0x0000000022d1ee08:   0000000022f95a40 000000001f1151f8
0x0000000022d1ee18:   000000006a63a801 0000000022f95a40
0x0000000022d1ee28:   00000ebc73d50b07 0000000000000005
0x0000000022d1ee38:   000000001f115000 0000000000000000
0x0000000022d1ee48:   0000000000000000 000000000071d400
0x0000000022d1ee58:   00007ffa418c8a00 0000000000000000
0x0000000022d1ee68:   0000000000000000 0000000022d1eeb0
0x0000000022d1ee78:   0000000022d1eea0 000000001f115000
0x0000000022d1ee88:   0000000068f50b02 0000000000000000
0x0000000022d1ee98:   0000000000000000 000000076bf2cb10
0x0000000022d1eea8:   0000000000000000 0000000000000000
0x0000000022d1eeb8:   000000000276ef35 0000000000000058
0x0000000022d1eec8:   0000000022d1ef20 000000076c091558
0x0000000022d1eed8:   000000076c0915b8 0000000100000000 

Instructions: (pc=0x000000006a406adf)
0x000000006a406abf:   99 03 00 cc 33 c0 48 8b 5c 24 40 48 8b 74 24 48
0x000000006a406acf:   48 83 c4 30 5f c3 cc cc cc cc cc cc cc 48 8b c1
0x000000006a406adf:   0f b7 10 48 83 c0 02 66 85 d2 75 f4 48 2b c1 48
0x000000006a406aef:   d1 f8 48 ff c8 c3 cc cc cc cc cc cc cc 45 33 c0 


Register to memory mapping:

RAX=0x0000000000000000 is an unknown value
RBX=0x0000000022d1ee40 is pointing into the stack for thread: 0x000000001f115000
RCX=0x0000000000000000 is an unknown value
RDX=0x0000000022f95a40 is an unknown value
RSP=0x0000000022d1ede8 is pointing into the stack for thread: 0x000000001f115000
RBP=0x0000000022d1efd0 is pointing into the stack for thread: 0x000000001f115000
RSI=0x0000000000000369 is an unknown value
RDI=0x000000001f1151f8 is an unknown value
R8 =0x0000000022f95a40 is an unknown value
R9 =0x0000000000000000 is an unknown value
R10=0x0000000000000000 is an unknown value
R11=0x0000000022d1c4a0 is pointing into the stack for thread: 0x000000001f115000
R12=0x0000000000000000 is an unknown value
R13=0x0000000022d1eff0 is pointing into the stack for thread: 0x000000001f115000
R14=0x0000000022d1efb8 is pointing into the stack for thread: 0x000000001f115000
R15=0x000000001f115000 is a thread


Stack: [0x0000000022c20000,0x0000000022d20000],  sp=0x0000000022d1ede8,  free space=1019k
Native frames: (J=compiled Java code, j=interpreted, Vv=VM code, C=native code)
C  [msvcr100.dll+0x36adf]

Java frames: (J=compiled Java code, j=interpreted, Vv=VM code)
J 689  sun.awt.shell.Win32ShellFolder2.getDisplayNameOf(JJI)Ljava/lang/String; (0 bytes) @ 0x0000000002805249 [0x0000000002805200+0x49]
j  sun.awt.shell.Win32ShellFolder2.access$1600(JJI)Ljava/lang/String;+4
j  sun.awt.shell.Win32ShellFolder2$13.call()Ljava/lang/String;+15
j  sun.awt.shell.Win32ShellFolder2$13.call()Ljava/lang/Object;+1
J 763 C1 java.util.concurrent.FutureTask.run()V (126 bytes) @ 0x0000000002837994 [0x0000000002837740+0x254]
j  java.util.concurrent.ThreadPoolExecutor.runWorker(Ljava/util/concurrent/ThreadPoolExecutor$Worker;)V+95
j  java.util.concurrent.ThreadPoolExecutor$Worker.run()V+5
j  sun.awt.shell.Win32ShellFolderManager2$ComInvoker$3.run()V+7
j  java.lang.Thread.run()V+11
v  ~StubRoutines::call_stub

---------------  P R O C E S S  ---------------

Java Threads: ( => current thread )
=>0x000000001f115000 JavaThread "Swing-Shell" daemon [_thread_in_native, id=6252, stack(0x0000000022c20000,0x0000000022d20000)]
  0x000000001f030800 JavaThread "Image Fetcher 0" daemon [_thread_blocked, id=20380, stack(0x00000000219c0000,0x0000000021ac0000)]
  0x000000000248e800 JavaThread "DestroyJavaVM" [_thread_blocked, id=13448, stack(0x0000000002310000,0x0000000002410000)]
  0x000000001f031800 JavaThread "AWT-EventQueue-0" [_thread_blocked, id=4524, stack(0x000000001fb60000,0x000000001fc60000)]
  0x000000001f11b800 JavaThread "Thread-2" daemon [_thread_in_native, id=11920, stack(0x000000001fa60000,0x000000001fb60000)]
  0x000000001f035000 JavaThread "EventQueueMonitor-ComponentEvtDispatch" daemon [_thread_blocked, id=12400, stack(0x000000001f960000,0x000000001fa60000)]
  0x000000001edc2800 JavaThread "AWT-Windows" daemon [_thread_in_native, id=10160, stack(0x000000001f730000,0x000000001f830000)]
  0x000000001e4bf800 JavaThread "AWT-Shutdown" [_thread_blocked, id=15196, stack(0x000000001f630000,0x000000001f730000)]
  0x000000001ed39800 JavaThread "Java2D Disposer" daemon [_thread_blocked, id=2560, stack(0x000000001f530000,0x000000001f630000)]
  0x000000001e204000 JavaThread "Service Thread" daemon [_thread_blocked, id=16928, stack(0x000000001eb30000,0x000000001ec30000)]
  0x000000001e1bb800 JavaThread "C1 CompilerThread3" daemon [_thread_blocked, id=9988, stack(0x000000001ea30000,0x000000001eb30000)]
  0x000000001e1b1000 JavaThread "C2 CompilerThread2" daemon [_thread_blocked, id=17600, stack(0x000000001e930000,0x000000001ea30000)]
  0x000000001e162000 JavaThread "C2 CompilerThread1" daemon [_thread_blocked, id=3652, stack(0x000000001e830000,0x000000001e930000)]
  0x000000001e15b800 JavaThread "C2 CompilerThread0" daemon [_thread_blocked, id=15108, stack(0x000000001e730000,0x000000001e830000)]
  0x000000001e157000 JavaThread "Attach Listener" daemon [_thread_blocked, id=10228, stack(0x000000001e630000,0x000000001e730000)]
  0x000000001e156000 JavaThread "Signal Dispatcher" daemon [_thread_blocked, id=16700, stack(0x000000001e530000,0x000000001e630000)]
  0x000000000258b000 JavaThread "Finalizer" daemon [_thread_blocked, id=3356, stack(0x000000001df00000,0x000000001e000000)]
  0x000000001c02d800 JavaThread "Reference Handler" daemon [_thread_blocked, id=4940, stack(0x000000001de00000,0x000000001df00000)]

Other Threads:
  0x000000001c029000 VMThread [stack: 0x000000001dd00000,0x000000001de00000] [id=10188]
  0x000000001e207000 WatcherThread [stack: 0x000000001ec30000,0x000000001ed30000] [id=7128]

VM state:not at safepoint (normal execution)

VM Mutex/Monitor currently owned by a thread: None

Heap:
 PSYoungGen      total 76288K, used 18350K [0x000000076af80000, 0x0000000770480000, 0x00000007c0000000)
  eden space 65536K, 28% used [0x000000076af80000,0x000000076c16bbb0,0x000000076ef80000)
  from space 10752K, 0% used [0x000000076fa00000,0x000000076fa00000,0x0000000770480000)
  to   space 10752K, 0% used [0x000000076ef80000,0x000000076ef80000,0x000000076fa00000)
 ParOldGen       total 175104K, used 0K [0x00000006c0e00000, 0x00000006cb900000, 0x000000076af80000)
  object space 175104K, 0% used [0x00000006c0e00000,0x00000006c0e00000,0x00000006cb900000)
 Metaspace       used 12935K, capacity 13134K, committed 13440K, reserved 1060864K
  class space    used 1814K, capacity 1904K, committed 1920K, reserved 1048576K

Card table byte_map: [0x0000000011950000,0x0000000012150000] byte_map_base: 0x000000000e349000

Marking Bits: (ParMarkBitMap*) 0x00000000695da5b0
 Begin Bits: [0x0000000012eb0000, 0x0000000016e78000)
 End Bits:   [0x0000000016e78000, 0x000000001ae40000)

Polling page: 0x0000000000b10000

CodeCache: size=245760Kb used=2833Kb max_used=2834Kb free=242927Kb
 bounds [0x0000000002590000, 0x0000000002860000, 0x0000000011590000]
 total_blobs=1283 nmethods=808 adapters=388
 compilation: enabled

Compilation events (10 events):
Event: 2.333 Thread 0x000000001e1bb800 nmethod 804 0x0000000002853ed0 code [0x0000000002854020, 0x0000000002854130]
Event: 2.333 Thread 0x000000001e1b1000  805       4       java.util.concurrent.locks.ReentrantLock$Sync::tryRelease (45 bytes)
Event: 2.333 Thread 0x000000001e1b1000 nmethod 805 0x0000000002852710 code [0x0000000002852840, 0x0000000002852918]
Event: 2.334 Thread 0x000000001e1bb800  806       3       java.awt.Rectangle::<init> (9 bytes)
Event: 2.334 Thread 0x000000001e1bb800 nmethod 806 0x0000000002852150 code [0x00000000028522c0, 0x00000000028525b0]
Event: 2.334 Thread 0x000000001e1bb800  807       3       java.awt.ImageMediaEntry::parseflags (31 bytes)
Event: 2.334 Thread 0x000000001e1bb800 nmethod 807 0x0000000002852d10 code [0x0000000002852e80, 0x00000000028530d0]
Event: 2.335 Thread 0x000000001e162000 nmethod 796 0x0000000002855c10 code [0x0000000002855da0, 0x00000000028563b8]
Event: 2.335 Thread 0x000000001e1bb800  808       3       java.awt.Component::getToolkitImpl (18 bytes)
Event: 2.335 Thread 0x000000001e1bb800 nmethod 808 0x00000000028567d0 code [0x00000000028569e0, 0x00000000028574c8]

GC Heap History (0 events):
No events

Deoptimization events (10 events):
Event: 0.229 Thread 0x000000001f031800 Uncommon trap: reason=class_check action=maybe_recompile pc=0x0000000002723c28 method=java.util.HashMap.getNode(ILjava/lang/Object;)Ljava/util/HashMap$Node; @ 126
Event: 0.303 Thread 0x000000001f031800 Uncommon trap: reason=class_check action=maybe_recompile pc=0x00000000026f9498 method=java.lang.String.equals(Ljava/lang/Object;)Z @ 8
Event: 0.303 Thread 0x000000001f031800 Uncommon trap: reason=class_check action=maybe_recompile pc=0x00000000026f9498 method=java.lang.String.equals(Ljava/lang/Object;)Z @ 8
Event: 0.303 Thread 0x000000001f031800 Uncommon trap: reason=class_check action=maybe_recompile pc=0x00000000026f9498 method=java.lang.String.equals(Ljava/lang/Object;)Z @ 8
Event: 0.303 Thread 0x000000001f031800 Uncommon trap: reason=class_check action=maybe_recompile pc=0x00000000026f9498 method=java.lang.String.equals(Ljava/lang/Object;)Z @ 8
Event: 1.537 Thread 0x000000001f031800 Uncommon trap: reason=class_check action=maybe_recompile pc=0x0000000002723c28 method=java.util.HashMap.getNode(ILjava/lang/Object;)Ljava/util/HashMap$Node; @ 126
Event: 1.537 Thread 0x000000001f031800 Uncommon trap: reason=bimorphic action=maybe_recompile pc=0x00000000027626e8 method=java.util.Hashtable.put(Ljava/lang/Object;Ljava/lang/Object;)Ljava/lang/Object; @ 60
Event: 1.537 Thread 0x000000001f031800 Uncommon trap: reason=bimorphic action=maybe_recompile pc=0x00000000027626e8 method=java.util.Hashtable.put(Ljava/lang/Object;Ljava/lang/Object;)Ljava/lang/Object; @ 60
Event: 2.081 Thread 0x000000001f031800 Uncommon trap: reason=class_check action=maybe_recompile pc=0x0000000002723c28 method=java.util.HashMap.getNode(ILjava/lang/Object;)Ljava/util/HashMap$Node; @ 126
Event: 2.290 Thread 0x000000001f031800 Uncommon trap: reason=unstable_if action=reinterpret pc=0x00000000027c4550 method=java.util.Hashtable.put(Ljava/lang/Object;Ljava/lang/Object;)Ljava/lang/Object; @ 63

Internal exceptions (10 events):
Event: 0.144 Thread 0x000000000248e800 Exception <a 'java/security/PrivilegedActionException'> (0x000000076b48e530) thrown at [C:\re\workspace\8-2-build-windows-amd64-cygwin\jdk8u66\5298\hotspot\src\share\vm\prims\jvm.cpp, line 1386]
Event: 0.144 Thread 0x000000000248e800 Exception <a 'java/security/PrivilegedActionException'> (0x000000076b48e928) thrown at [C:\re\workspace\8-2-build-windows-amd64-cygwin\jdk8u66\5298\hotspot\src\share\vm\prims\jvm.cpp, line 1386]
Event: 0.144 Thread 0x000000000248e800 Exception <a 'java/security/PrivilegedActionException'> (0x000000076b48fba0) thrown at [C:\re\workspace\8-2-build-windows-amd64-cygwin\jdk8u66\5298\hotspot\src\share\vm\prims\jvm.cpp, line 1386]
Event: 0.144 Thread 0x000000000248e800 Exception <a 'java/security/PrivilegedActionException'> (0x000000076b48ff98) thrown at [C:\re\workspace\8-2-build-windows-amd64-cygwin\jdk8u66\5298\hotspot\src\share\vm\prims\jvm.cpp, line 1386]
Event: 0.144 Thread 0x000000000248e800 Exception <a 'java/security/PrivilegedActionException'> (0x000000076b491068) thrown at [C:\re\workspace\8-2-build-windows-amd64-cygwin\jdk8u66\5298\hotspot\src\share\vm\prims\jvm.cpp, line 1386]
Event: 0.144 Thread 0x000000000248e800 Exception <a 'java/security/PrivilegedActionException'> (0x000000076b491460) thrown at [C:\re\workspace\8-2-build-windows-amd64-cygwin\jdk8u66\5298\hotspot\src\share\vm\prims\jvm.cpp, line 1386]
Event: 0.144 Thread 0x000000000248e800 Exception <a 'java/security/PrivilegedActionException'> (0x000000076b492640) thrown at [C:\re\workspace\8-2-build-windows-amd64-cygwin\jdk8u66\5298\hotspot\src\share\vm\prims\jvm.cpp, line 1386]
Event: 0.144 Thread 0x000000000248e800 Exception <a 'java/security/PrivilegedActionException'> (0x000000076b492a38) thrown at [C:\re\workspace\8-2-build-windows-amd64-cygwin\jdk8u66\5298\hotspot\src\share\vm\prims\jvm.cpp, line 1386]
Event: 0.182 Thread 0x000000001f031800 Exception <a 'java/io/FileNotFoundException'> (0x000000076b892370) thrown at [C:\re\workspace\8-2-build-windows-amd64-cygwin\jdk8u66\5298\hotspot\src\share\vm\prims\jni.cpp, line 709]
Event: 0.219 Thread 0x000000001f031800 Implicit null exception at 0x000000000272faf3 to 0x000000000272ff2d

Events (10 events):
Event: 2.173 loading class sun/awt/shell/Win32ShellFolder2$5 done
Event: 2.230 loading class sun/awt/shell/Win32ShellFolder2$18
Event: 2.230 loading class sun/awt/shell/Win32ShellFolder2$18 done
Event: 2.230 loading class sun/awt/shell/Win32ShellFolder2$ColumnComparator$1
Event: 2.230 loading class sun/awt/shell/Win32ShellFolder2$ColumnComparator$1 done
Event: 2.231 loading class sun/awt/shell/Win32ShellFolder2$11
Event: 2.231 loading class sun/awt/shell/Win32ShellFolder2$11 done
Event: 2.290 Thread 0x000000001f031800 Uncommon trap: trap_request=0xffffff65 fr.pc=0x00000000027c4550
Event: 2.290 Thread 0x000000001f031800 DEOPT PACKING pc=0x00000000027c4550 sp=0x000000001fc5c000
Event: 2.290 Thread 0x000000001f031800 DEOPT UNPACKING pc=0x00000000025d582a sp=0x000000001fc5bfd0 mode 2


Dynamic libraries:
0x00007ff6b7c80000 - 0x00007ff6b7cb7000 	C:\Program Files\Java\jre1.8.0_66\bin\javaw.exe
0x00007ffa44f50000 - 0x00007ffa4512b000 	C:\WINDOWS\SYSTEM32\ntdll.dll
0x00007ffa42510000 - 0x00007ffa425be000 	C:\WINDOWS\System32\KERNEL32.DLL
0x00007ffa41470000 - 0x00007ffa416b9000 	C:\WINDOWS\System32\KERNELBASE.dll
0x00007ffa42ab0000 - 0x00007ffa42b51000 	C:\WINDOWS\System32\ADVAPI32.dll
0x00007ffa42a10000 - 0x00007ffa42aad000 	C:\WINDOWS\System32\msvcrt.dll
0x00007ffa424b0000 - 0x00007ffa42509000 	C:\WINDOWS\System32\sechost.dll
0x00007ffa44cc0000 - 0x00007ffa44de5000 	C:\WINDOWS\System32\RPCRT4.dll
0x00007ffa425c0000 - 0x00007ffa4270a000 	C:\WINDOWS\System32\USER32.dll
0x00007ffa41f30000 - 0x00007ffa41f4e000 	C:\WINDOWS\System32\win32u.dll
0x00007ffa44a50000 - 0x00007ffa44a77000 	C:\WINDOWS\System32\GDI32.dll
0x00007ffa422d0000 - 0x00007ffa42457000 	C:\WINDOWS\System32\gdi32full.dll
0x00007ffa41fb0000 - 0x00007ffa4204a000 	C:\WINDOWS\System32\msvcp_win.dll
0x00007ffa41730000 - 0x00007ffa41826000 	C:\WINDOWS\System32\ucrtbase.dll
0x00007ffa35c50000 - 0x00007ffa35eb7000 	C:\WINDOWS\WinSxS\amd64_microsoft.windows.common-controls_6595b64144ccf1df_6.0.15063.483_none_26002d27e7c744a2\COMCTL32.dll
0x00007ffa42710000 - 0x00007ffa42a09000 	C:\WINDOWS\System32\combase.dll
0x00007ffa416c0000 - 0x00007ffa4172a000 	C:\WINDOWS\System32\bcryptPrimitives.dll
0x00007ffa445e0000 - 0x00007ffa4460d000 	C:\WINDOWS\System32\IMM32.DLL
0x000000006a3d0000 - 0x000000006a4a2000 	C:\Program Files\Java\jre1.8.0_66\bin\msvcr100.dll
0x0000000068dd0000 - 0x0000000069659000 	C:\Program Files\Java\jre1.8.0_66\bin\server\jvm.dll
0x00007ffa44ed0000 - 0x00007ffa44ed8000 	C:\WINDOWS\System32\PSAPI.DLL
0x00007ffa3d580000 - 0x00007ffa3d5a3000 	C:\WINDOWS\SYSTEM32\WINMM.dll
0x00007ffa3c8b0000 - 0x00007ffa3c8b9000 	C:\WINDOWS\SYSTEM32\WSOCK32.dll
0x00007ffa44ee0000 - 0x00007ffa44f4c000 	C:\WINDOWS\System32\WS2_32.dll
0x00007ffa3b390000 - 0x00007ffa3b39a000 	C:\WINDOWS\SYSTEM32\VERSION.dll
0x00007ffa3d220000 - 0x00007ffa3d24b000 	C:\WINDOWS\SYSTEM32\WINMMBASE.dll
0x00007ffa42460000 - 0x00007ffa424a9000 	C:\WINDOWS\System32\cfgmgr32.dll
0x0000000068ce0000 - 0x0000000068cef000 	C:\Program Files\Java\jre1.8.0_66\bin\verify.dll
0x0000000068cb0000 - 0x0000000068cd9000 	C:\Program Files\Java\jre1.8.0_66\bin\java.dll
0x0000000068c90000 - 0x0000000068ca6000 	C:\Program Files\Java\jre1.8.0_66\bin\zip.dll
0x00007ffa42b70000 - 0x00007ffa43fa6000 	C:\WINDOWS\System32\SHELL32.dll
0x00007ffa44890000 - 0x00007ffa4493a000 	C:\WINDOWS\System32\shcore.dll
0x00007ffa41830000 - 0x00007ffa41f21000 	C:\WINDOWS\System32\windows.storage.dll
0x00007ffa43fd0000 - 0x00007ffa44021000 	C:\WINDOWS\System32\shlwapi.dll
0x00007ffa41400000 - 0x00007ffa41411000 	C:\WINDOWS\System32\kernel.appcore.dll
0x00007ffa41420000 - 0x00007ffa4146c000 	C:\WINDOWS\System32\powrprof.dll
0x00007ffa413e0000 - 0x00007ffa413f5000 	C:\WINDOWS\System32\profapi.dll
0x000000006a5d0000 - 0x000000006a768000 	C:\Program Files\Java\jre1.8.0_66\bin\awt.dll
0x00007ffa447d0000 - 0x00007ffa44890000 	C:\WINDOWS\System32\OLEAUT32.dll
0x00007ffa3fa70000 - 0x00007ffa3faee000 	C:\WINDOWS\SYSTEM32\apphelp.dll
0x00007ffa3fcc0000 - 0x00007ffa3fd55000 	C:\WINDOWS\system32\uxtheme.dll
0x00007ffa44470000 - 0x00007ffa445d6000 	C:\WINDOWS\System32\MSCTF.dll
0x00007ffa34cb0000 - 0x00007ffa34d51000 	C:\Program Files\Common Files\microsoft shared\ink\tiptsf.dll
0x00007ffa3cb50000 - 0x00007ffa3cb7a000 	C:\WINDOWS\system32\dwmapi.dll
0x00007ffa44620000 - 0x00007ffa44765000 	C:\WINDOWS\System32\ole32.dll
0x000000006a5a0000 - 0x000000006a5c6000 	C:\Program Files\Java\jre1.8.0_66\bin\JavaAccessBridge-64.dll
0x000000006a590000 - 0x000000006a597000 	C:\Program Files\Java\jre1.8.0_66\bin\jawt.dll
0x000000006a580000 - 0x000000006a587000 	C:\Program Files\Java\jre1.8.0_66\bin\JAWTAccessBridge-64.dll
0x000000006a530000 - 0x000000006a577000 	C:\Program Files\Java\jre1.8.0_66\bin\fontmanager.dll
0x0000000068c70000 - 0x0000000068c8a000 	C:\Program Files\Java\jre1.8.0_66\bin\net.dll
0x00007ffa40cd0000 - 0x00007ffa40d2c000 	C:\WINDOWS\system32\mswsock.dll
0x0000000068c50000 - 0x0000000068c61000 	C:\Program Files\Java\jre1.8.0_66\bin\nio.dll
0x00007ffa39650000 - 0x00007ffa396f6000 	C:\WINDOWS\WinSxS\amd64_microsoft.windows.common-controls_6595b64144ccf1df_5.82.15063.413_none_0e0f5dcc67adff4e\comctl32.dll
0x000000006a4e0000 - 0x000000006a522000 	C:\Program Files\Java\jre1.8.0_66\bin\t2k.dll
0x00007ffa3af30000 - 0x00007ffa3afb2000 	C:\WINDOWS\System32\TextInputFramework.dll
0x00007ffa3f350000 - 0x00007ffa3f433000 	C:\WINDOWS\System32\CoreMessaging.dll
0x00007ffa3ac50000 - 0x00007ffa3af22000 	C:\WINDOWS\System32\CoreUIComponents.dll
0x00007ffa405d0000 - 0x00007ffa40601000 	C:\WINDOWS\SYSTEM32\ntmarta.dll
0x00007ffa3ddb0000 - 0x00007ffa3dee9000 	C:\WINDOWS\SYSTEM32\wintypes.dll
0x00007ffa3e1d0000 - 0x00007ffa3e1e5000 	C:\WINDOWS\SYSTEM32\usermgrcli.dll
0x00007ffa44a80000 - 0x00007ffa44b1e000 	C:\WINDOWS\System32\clbcatq.dll
0x00007ffa25460000 - 0x00007ffa25625000 	C:\Windows\System32\uiautomationcore.dll
0x00007ffa41220000 - 0x00007ffa412ba000 	C:\WINDOWS\SYSTEM32\sxs.dll
0x00007ffa3c930000 - 0x00007ffa3c99b000 	C:\Windows\System32\OLEACC.dll
0x00007ffa35fb0000 - 0x00007ffa36032000 	C:\WINDOWS\SYSTEM32\twinapi.dll
0x00007ffa3fd90000 - 0x00007ffa3ff00000 	C:\WINDOWS\SYSTEM32\twinapi.appcore.dll
0x00007ffa40f80000 - 0x00007ffa40fa5000 	C:\WINDOWS\SYSTEM32\bcrypt.dll
0x00007ffa3ce60000 - 0x00007ffa3cff6000 	C:\WINDOWS\system32\propsys.dll
0x00007ffa10e50000 - 0x00007ffa10f77000 	C:\WINDOWS\system32\NetworkExplorer.dll
0x00007ffa38fb0000 - 0x00007ffa394e1000 	C:\Windows\System32\OneCoreUAPCommonProxyStub.dll
0x00007ffa3b1a0000 - 0x00007ffa3b34c000 	C:\WINDOWS\SYSTEM32\WindowsCodecs.dll
0x00007ffa30750000 - 0x00007ffa307a7000 	C:\Windows\System32\thumbcache.dll
0x00007ffa35510000 - 0x00007ffa35587000 	C:\WINDOWS\SYSTEM32\policymanager.dll
0x00007ffa39a70000 - 0x00007ffa39aff000 	C:\WINDOWS\SYSTEM32\msvcp110_win.dll
0x00007ffa3a980000 - 0x00007ffa3a99b000 	C:\WINDOWS\SYSTEM32\MPR.dll
0x00007ffa3a310000 - 0x00007ffa3a31b000 	C:\WINDOWS\System32\drprov.dll
0x00007ffa40640000 - 0x00007ffa40695000 	C:\WINDOWS\System32\WINSTA.dll
0x00007ffa15790000 - 0x00007ffa157a6000 	C:\WINDOWS\System32\ntlanman.dll
0x00007ffa14640000 - 0x00007ffa14660000 	C:\WINDOWS\System32\davclnt.dll
0x00007ffa36260000 - 0x00007ffa3626c000 	C:\WINDOWS\System32\DAVHLPR.dll
0x00007ffa3cbd0000 - 0x00007ffa3cbe6000 	C:\WINDOWS\System32\wkscli.dll
0x00007ffa2ab90000 - 0x00007ffa2aba2000 	C:\WINDOWS\SYSTEM32\cscapi.dll
0x00007ffa40b60000 - 0x00007ffa40b6d000 	C:\WINDOWS\System32\netutils.dll
0x00007ffa3bf60000 - 0x00007ffa3bfaa000 	C:\Windows\System32\dlnashext.dll
0x00007ffa218d0000 - 0x00007ffa2193d000 	C:\Windows\System32\PlayToDevice.dll
0x00007ffa2c760000 - 0x00007ffa2c77e000 	C:\Windows\System32\DevDispItemProvider.dll
0x00007ffa35590000 - 0x00007ffa355f7000 	C:\WINDOWS\System32\MMDevApi.dll
0x00007ffa40020000 - 0x00007ffa40048000 	C:\WINDOWS\System32\DEVOBJ.dll
0x00007ffa12350000 - 0x00007ffa1252f000 	C:\WINDOWS\system32\wpdshext.dll
0x00007ffa3c130000 - 0x00007ffa3c2c5000 	C:\WINDOWS\WinSxS\amd64_microsoft.windows.gdiplus_6595b64144ccf1df_1.1.15063.608_none_56f0266b425534e9\gdiplus.dll
0x00007ffa3d9d0000 - 0x00007ffa3da6c000 	C:\Windows\System32\PortableDeviceApi.dll
0x00007ffa44030000 - 0x00007ffa4446b000 	C:\WINDOWS\System32\SETUPAPI.dll
0x00007ffa41f50000 - 0x00007ffa41fa6000 	C:\WINDOWS\System32\WINTRUST.dll
0x00007ffa413c0000 - 0x00007ffa413d1000 	C:\WINDOWS\System32\MSASN1.dll
0x00007ffa42050000 - 0x00007ffa42219000 	C:\WINDOWS\System32\CRYPT32.dll
0x00007ffa2e220000 - 0x00007ffa2e256000 	C:\Windows\System32\EhStorShell.dll
0x00007ffa35ee0000 - 0x00007ffa35f05000 	C:\Windows\System32\EhStorAPI.dll
0x00007ffa3dc50000 - 0x00007ffa3dc63000 	C:\Windows\System32\WTSAPI32.dll
0x00007ffa227f0000 - 0x00007ffa22800000 	C:\WINDOWS\SYSTEM32\LINKINFO.dll
0x00007ffa39ed0000 - 0x00007ffa39f26000 	C:\WINDOWS\system32\msieftp.dll
0x00007ffa21f10000 - 0x00007ffa21f50000 	C:\WINDOWS\system32\SHDOCVW.dll
0x00007ffa32230000 - 0x00007ffa323f7000 	C:\WINDOWS\system32\urlmon.dll
0x00007ffa33140000 - 0x00007ffa333ca000 	C:\WINDOWS\system32\iertutil.dll
0x00007ffa40e70000 - 0x00007ffa40e7b000 	C:\WINDOWS\system32\CRYPTBASE.DLL
0x00007ffa2c920000 - 0x00007ffa2cc4e000 	C:\WINDOWS\system32\WININET.dll
0x00007ffa14430000 - 0x00007ffa14483000 	C:\Program Files (x86)\Dropbox\Client\DropboxExt64.18.0.dll
0x00007ffa36040000 - 0x00007ffa360aa000 	C:\WINDOWS\system32\PhotoMetadataHandler.dll
0x00007ffa2c7a0000 - 0x00007ffa2c7ac000 	C:\WINDOWS\SYSTEM32\Secur32.dll
0x00007ffa412c0000 - 0x00007ffa412f0000 	C:\WINDOWS\SYSTEM32\SSPICLI.DLL
0x00007ffa36e50000 - 0x00007ffa36ff9000 	C:\WINDOWS\SYSTEM32\dbghelp.dll

VM Arguments:
jvm_args: -Dfile.encoding=Cp1252 
java_command: de.wolfi.gui.minopoly.Main
java_class_path (initial): C:\Users\root\Documents\GitHub\Minopoly\bin;C:\Users\root\Desktop\Eclispe\APIs\CrackShot.jar;C:\Users\root\Desktop\Eclispe\APIs\Citizens.jar;C:\Users\root\Desktop\Eclispe\APIs\AuthMe.jar;C:\Users\root\Desktop\Eclispe\APIs\BungeeCord.jar;C:\Users\root\Desktop\Eclispe\APIs\HolographicDisplays.jar;C:\Users\root\Desktop\Eclispe\APIs\KrimBuy.jar;C:\Users\root\Desktop\Eclispe\APIs\ProtocolLib.jar;C:\Users\root\Desktop\Eclispe\APIs\Vault.jar;C:\Users\root\Desktop\Eclispe\APIs\WorldEdit.jar;C:\Users\root\Desktop\Eclispe\APIs\PlotMe.jar;C:\Users\root\Desktop\Eclispe\APIs\craftbukkit.jar;C:\Users\root\Desktop\Eclispe\APIs\LWC.jar;C:\Users\root\Desktop\Eclispe\APIs\MarioKart.jar;C:\Users\root\Desktop\Eclispe\APIs\PermissionsEx-1.23.3.jar;C:\Users\root\Desktop\Eclispe\APIs\Vehicles.jar;C:\Users\root\Desktop\Eclispe\APIs\iDisguise.jar;C:\Users\root\Desktop\Eclispe\APIs\NoteBlockAPI-1.1.0.jar;C:\Users\root\Desktop\Eclispe\APIs\TagAPI.jar;C:\Users\root\Desktop\Eclispe\APIs\BountifulAPI.jar;C:\Users\root\workspace\PublicUtils\bin;C:\Users\root\Documents\GitHub\Minopoly\jgoodies-forms-1.8.0.jar
Launcher Type: SUN_STANDARD

Environment Variables:
JAVA_HOME=C:\Program Files\Java\jdk1.8.0_65
PATH=C:/Program Files/Java/jre1.8.0_66/bin/server;C:/Program Files/Java/jre1.8.0_66/bin;C:/Program Files/Java/jre1.8.0_66/lib/amd64;C:\Program Files\NVIDIA GPU Computing Toolkit\CUDA\v8.0\bin;C:\Program Files\NVIDIA GPU Computing Toolkit\CUDA\v8.0\libnvvp;C:\Python27\;C:\Python27\Scripts;C:\ProgramData\Oracle\Java\javapath;C:\Program Files (x86)\Razer Chroma SDK\bin;C:\Program Files\Razer Chroma SDK\bin;C:\Program Files\Java\jdk1.8.0_65\bin;C:\Program Files (x86)\Intel\iCLS Client\;C:\Program Files\Intel\iCLS Client\;C:\WINDOWS\system32;C:\WINDOWS;C:\WINDOWS\System32\Wbem;C:\WINDOWS\System32\WindowsPowerShell\v1.0\;C:\Program Files (x86)\Intel\Intel(R) Management Engine Components\DAL;C:\Program Files\Intel\Intel(R) Management Engine Components\DAL;C:\Program Files (x86)\Intel\Intel(R) Management Engine Components\IPT;C:\Program Files\Intel\Intel(R) Management Engine Components\IPT;C:\Program Files (x86)\NVIDIA Corporation\PhysX\Common;C:\Program Files\apache-maven-3.3.3\bin;C:\Program Files (x86)\GtkSharp\2.12\bin;C:\WINDOWS\system32;C:\WINDOWS;C:\WINDOWS\System32\Wbem;C:\WINDOWS\System32\WindowsPowerShell\v1.0\;C:\Users\root\.dnx\bin;C:\Program Files\Microsoft DNX\Dnvm\;C:\Program Files (x86)\IVI Foundation\VISA\WinNT\Bin;C:\Program Files (x86)\leJOS NXJ\bin;C:\Program Files\Git\cmd;C:\Program Files (x86)\Windows Live\Shared;C:\Program Files (x86)\Lua\5.1;C:\Program Files (x86)\Lua\5.1\clibs;C:\Users\root\Downloads\ffmpeg-20160912-bc7066f-win64-static\bin;C:\Program Files (x86)\Skype\Phone\;C:\WINDOWS\system32\config\systemprofile\AppData\Local\Microsoft\WindowsApps;C:\Program Files\nodejs\;C:\Users\root\cuda\bin;C:\Users\root\AppData\Local\Programs\Python\Python36-32\Scripts\;C:\Users\root\AppData\Local\Programs\Python\Python36-32\;C:\Users\root\AppData\Local\Microsoft\WindowsApps;C:\Users\root\AppData\Local\atom\bin;C:\Users\root\AppData\Local\Microsoft\WindowsApps;C:\Users\root\AppData\Roaming\npm;C:\Program Files\Heroku\bin;C:\Users\root\Desktop\Eclispe\Neon;
USERNAME=root
OS=Windows_NT
PROCESSOR_IDENTIFIER=Intel64 Family 6 Model 60 Stepping 3, GenuineIntel



---------------  S Y S T E M  ---------------

OS: Windows 10.0 , 64 bit Build 15063 (10.0.15063.296)

CPU:total 8 (4 cores per cpu, 2 threads per core) family 6 model 60 stepping 3, cmov, cx8, fxsr, mmx, sse, sse2, sse3, ssse3, sse4.1, sse4.2, popcnt, avx, avx2, aes, clmul, erms, lzcnt, ht, tsc, tscinvbit, bmi1, bmi2

Memory: 4k page, physical 16717800k(8494256k free), swap 22484968k(10918076k free)

vm_info: Java HotSpot(TM) 64-Bit Server VM (25.66-b18) for windows-amd64 JRE (1.8.0_66-b18), built on Nov  9 2015 10:51:13 by "java_re" with MS VC++ 10.0 (VS2010)

time: Thu Oct 19 16:44:37 2017
elapsed time: 2 seconds (0d 0h 0m 2s)

